<?xml version="1.0" encoding="UTF-8"?>
<!-- Generated by org.testng.reporters.JUnitReportReporter -->
<testsuite ignored="0" hostname="DESKTOP-3L5QCDV" failures="0" tests="1" name="test.NewTest" time="9.895" errors="0" timestamp="24 abr. 2021 13:14:22 GMT" skipped="0">
  <testcase classname="test.NewTest" name="Test" time="9.895"/>
</testsuite> <!-- test.NewTest -->
